<?xml version="1.0" encoding="UTF-8"?>
<!-- Generated by org.testng.reporters.JUnitReportReporter -->
<testsuite skipped="0" hostname="PU-NB-RPATOLE" name="TestCases.E2E" tests="1" failures="0" timestamp="20 Aug 2018 17:01:09 GMT" time="6.253" errors="0">
  <testcase name="E2E_Test" time="6.253" classname="TestCases.E2E"/>
</testsuite> <!-- TestCases.E2E -->
