<?xml version="1.0" encoding="UTF-8"?>
<!-- Generated by org.testng.reporters.JUnitReportReporter -->
<testsuite skipped="0" hostname="PU-NB-RPATOLE" name="TestCases.testLoginPage" tests="4" failures="0" timestamp="20 Aug 2018 17:01:09 GMT" time="3.845" errors="0">
  <testcase name="validateValidLogin" time="2.212" classname="TestCases.testLoginPage"/>
  <testcase name="verifyInvalidLogin" time="0.983" classname="TestCases.testLoginPage"/>
  <testcase name="verifyApplicationURL" time="0.343" classname="TestCases.testLoginPage"/>
  <testcase name="verifyApplicationLogo" time="0.307" classname="TestCases.testLoginPage"/>
</testsuite> <!-- TestCases.testLoginPage -->
